Mon 14 Sep 17:28:19 MSK 2020: New analysis
Mon 14 Sep 17:28:19 MSK 2020: Starting
Mon 14 Sep 19:10:38 MSK 2020: Processing completed
Mon 14 Sep 19:46:27 MSK 2020: SomaticSNP ready
Mon 14 Sep 20:42:10 MSK 2020: Annotated
Mon 14 Sep 20:42:10 MSK 2020: CSV created
Mon 14 Sep 22:51:27 MSK 2020: Processing completed
Mon 14 Sep 23:34:23 MSK 2020: SomaticSNP ready
Tue 15 Sep 00:29:59 MSK 2020: Annotated
Tue 15 Sep 00:30:00 MSK 2020: CSV created
Tue 27 Oct 12:11:34 MSK 2020: Processing completed
Tue 27 Oct 12:33:08 MSK 2020: SomaticSNP ready
Tue 27 Oct 12:46:21 MSK 2020: Annotated
Fri 26 Mar 16:10:08 MSK 2021: Processing completed
Fri 26 Mar 16:11:36 MSK 2021: SomaticSNP ready
Fri 26 Mar 16:14:44 MSK 2021: Annotated
Fri 26 Mar 16:14:48 MSK 2021: CSV created
Mon 29 Mar 13:30:41 MSK 2021: Processing completed
Mon 29 Mar 13:40:22 MSK 2021: SomaticSNP ready
Mon 29 Mar 13:48:14 MSK 2021: Annotated
Mon 29 Mar 13:48:27 MSK 2021: CSV created
